# JRE version: OpenJDK Runtime Environment (8.0_242-b01) (build 1.8.0_242-release-1644-b01)
# Java VM: OpenJDK 64-Bit Server VM (25.242-b01 mixed mode windows-amd64 compressed oops)
Heap:
 PSYoungGen      total 372736K, used 303566K [0x00000000e0000000, 0x0000000100000000, 0x0000000100000000)
  eden space 319488K, 87% used [0x00000000e0000000,0x00000000f1019090,0x00000000f3800000)
  from space 53248K, 46% used [0x00000000f3800000,0x00000000f505a960,0x00000000f6c00000)
  to   space 51200K, 0% used [0x00000000fce00000,0x00000000fce00000,0x0000000100000000)
 ParOldGen       total 203776K, used 118461K [0x00000000a0000000, 0x00000000ac700000, 0x00000000e0000000)
  object space 203776K, 58% used [0x00000000a0000000,0x00000000a73af438,0x00000000ac700000)
 Metaspace       used 81047K, capacity 87099K, committed 87208K, reserved 1124352K
  class space    used 10754K, capacity 12175K, committed 12200K, reserved 1048576K
GC Heap History (10 events):
Event: 12.518 GC heap before
{Heap before GC invocations=14 (full 3):
 PSYoungGen      total 182272K, used 17803K [0x00000000e0000000, 0x00000000f1b00000, 0x0000000100000000)
  eden space 159232K, 0% used [0x00000000e0000000,0x00000000e0000000,0x00000000e9b80000)
  from space 23040K, 77% used [0x00000000e9b80000,0x00000000eace2d98,0x00000000eb200000)
  to   space 24064K, 0% used [0x00000000f0380000,0x00000000f0380000,0x00000000f1b00000)
 ParOldGen       total 164864K, used 34324K [0x00000000a0000000, 0x00000000aa100000, 0x00000000e0000000)
  object space 164864K, 20% used [0x00000000a0000000,0x00000000a2185230,0x00000000aa100000)
 Metaspace       used 57085K, capacity 59151K, committed 59160K, reserved 1099776K
  class space    used 7789K, capacity 8351K, committed 8360K, reserved 1048576K
Event: 12.737 GC heap after
Heap after GC invocations=14 (full 3):
 PSYoungGen      total 182272K, used 0K [0x00000000e0000000, 0x00000000f1b00000, 0x0000000100000000)
  eden space 159232K, 0% used [0x00000000e0000000,0x00000000e0000000,0x00000000e9b80000)
  from space 23040K, 0% used [0x00000000e9b80000,0x00000000e9b80000,0x00000000eb200000)
  to   space 24064K, 0% used [0x00000000f0380000,0x00000000f0380000,0x00000000f1b00000)
 ParOldGen       total 203776K, used 38886K [0x00000000a0000000, 0x00000000ac700000, 0x00000000e0000000)
  object space 203776K, 19% used [0x00000000a0000000,0x00000000a25f9920,0x00000000ac700000)
 Metaspace       used 57085K, capacity 59151K, committed 59160K, reserved 1099776K
  class space    used 7789K, capacity 8351K, committed 8360K, reserved 1048576K
}
Event: 15.908 GC heap before
{Heap before GC invocations=15 (full 3):
 PSYoungGen      total 182272K, used 159232K [0x00000000e0000000, 0x00000000f1b00000, 0x0000000100000000)
  eden space 159232K, 100% used [0x00000000e0000000,0x00000000e9b80000,0x00000000e9b80000)
  from space 23040K, 0% used [0x00000000e9b80000,0x00000000e9b80000,0x00000000eb200000)
  to   space 24064K, 0% used [0x00000000f0380000,0x00000000f0380000,0x00000000f1b00000)
 ParOldGen       total 203776K, used 38886K [0x00000000a0000000, 0x00000000ac700000, 0x00000000e0000000)
  object space 203776K, 19% used [0x00000000a0000000,0x00000000a25f9920,0x00000000ac700000)
 Metaspace       used 60634K, capacity 64029K, committed 64296K, reserved 1103872K
  class space    used 8247K, capacity 9210K, committed 9256K, reserved 1048576K
Event: 15.942 GC heap after
Heap after GC invocations=15 (full 3):
 PSYoungGen      total 257024K, used 24038K [0x00000000e0000000, 0x00000000f1b00000, 0x0000000100000000)
  eden space 232960K, 0% used [0x00000000e0000000,0x00000000e0000000,0x00000000ee380000)
  from space 24064K, 99% used [0x00000000f0380000,0x00000000f1af9990,0x00000000f1b00000)
  to   space 27648K, 0% used [0x00000000ee500000,0x00000000ee500000,0x00000000f0000000)
 ParOldGen       total 203776K, used 40162K [0x00000000a0000000, 0x00000000ac700000, 0x00000000e0000000)
  object space 203776K, 19% used [0x00000000a0000000,0x00000000a2738ac0,0x00000000ac700000)
 Metaspace       used 60634K, capacity 64029K, committed 64296K, reserved 1103872K
  class space    used 8247K, capacity 9210K, committed 9256K, reserved 1048576K
}
Event: 52.531 GC heap before
{Heap before GC invocations=16 (full 3):
 PSYoungGen      total 257024K, used 256998K [0x00000000e0000000, 0x00000000f1b00000, 0x0000000100000000)
  eden space 232960K, 100% used [0x00000000e0000000,0x00000000ee380000,0x00000000ee380000)
  from space 24064K, 99% used [0x00000000f0380000,0x00000000f1af9990,0x00000000f1b00000)
  to   space 27648K, 0% used [0x00000000ee500000,0x00000000ee500000,0x00000000f0000000)
 ParOldGen       total 203776K, used 40162K [0x00000000a0000000, 0x00000000ac700000, 0x00000000e0000000)
  object space 203776K, 19% used [0x00000000a0000000,0x00000000a2738ac0,0x00000000ac700000)
 Metaspace       used 69178K, capacity 73331K, committed 73640K, reserved 1112064K
  class space    used 9416K, capacity 10563K, committed 10664K, reserved 1048576K
Event: 52.579 GC heap after
Heap after GC invocations=16 (full 3):
 PSYoungGen      total 262144K, used 27616K [0x00000000e0000000, 0x00000000f9300000, 0x0000000100000000)
  eden space 234496K, 0% used [0x00000000e0000000,0x00000000e0000000,0x00000000ee500000)
  from space 27648K, 99% used [0x00000000ee500000,0x00000000efff8070,0x00000000f0000000)
  to   space 39936K, 0% used [0x00000000f6c00000,0x00000000f6c00000,0x00000000f9300000)
 ParOldGen       total 203776K, used 63759K [0x00000000a0000000, 0x00000000ac700000, 0x00000000e0000000)
  object space 203776K, 31% used [0x00000000a0000000,0x00000000a3e43c40,0x00000000ac700000)
 Metaspace       used 69178K, capacity 73331K, committed 73640K, reserved 1112064K
  class space    used 9416K, capacity 10563K, committed 10664K, reserved 1048576K
}
Event: 54.331 GC heap before
{Heap before GC invocations=17 (full 3):
 PSYoungGen      total 262144K, used 262112K [0x00000000e0000000, 0x00000000f9300000, 0x0000000100000000)
  eden space 234496K, 100% used [0x00000000e0000000,0x00000000ee500000,0x00000000ee500000)
  from space 27648K, 99% used [0x00000000ee500000,0x00000000efff8070,0x00000000f0000000)
  to   space 39936K, 0% used [0x00000000f6c00000,0x00000000f6c00000,0x00000000f9300000)
 ParOldGen       total 203776K, used 63759K [0x00000000a0000000, 0x00000000ac700000, 0x00000000e0000000)
  object space 203776K, 31% used [0x00000000a0000000,0x00000000a3e43c40,0x00000000ac700000)
 Metaspace       used 71775K, capacity 76675K, committed 76840K, reserved 1116160K
  class space    used 9826K, capacity 11033K, committed 11048K, reserved 1048576K
Event: 54.395 GC heap after
Heap after GC invocations=17 (full 3):
 PSYoungGen      total 359424K, used 39904K [0x00000000e0000000, 0x00000000fac00000, 0x0000000100000000)
  eden space 319488K, 0% used [0x00000000e0000000,0x00000000e0000000,0x00000000f3800000)
  from space 39936K, 99% used [0x00000000f6c00000,0x00000000f92f81e8,0x00000000f9300000)
  to   space 53248K, 0% used [0x00000000f3800000,0x00000000f3800000,0x00000000f6c00000)
 ParOldGen       total 203776K, used 83457K [0x00000000a0000000, 0x00000000ac700000, 0x00000000e0000000)
  object space 203776K, 40% used [0x00000000a0000000,0x00000000a51805e8,0x00000000ac700000)
 Metaspace       used 71775K, capacity 76675K, committed 76840K, reserved 1116160K
  class space    used 9826K, capacity 11033K, committed 11048K, reserved 1048576K
}
Event: 64.498 GC heap before
{Heap before GC invocations=18 (full 3):
 PSYoungGen      total 359424K, used 359392K [0x00000000e0000000, 0x00000000fac00000, 0x0000000100000000)
  eden space 319488K, 100% used [0x00000000e0000000,0x00000000f3800000,0x00000000f3800000)
  from space 39936K, 99% used [0x00000000f6c00000,0x00000000f92f81e8,0x00000000f9300000)
  to   space 53248K, 0% used [0x00000000f3800000,0x00000000f3800000,0x00000000f6c00000)
 ParOldGen       total 203776K, used 83457K [0x00000000a0000000, 0x00000000ac700000, 0x00000000e0000000)
  object space 203776K, 40% used [0x00000000a0000000,0x00000000a51805e8,0x00000000ac700000)
 Metaspace       used 76246K, capacity 81675K, committed 81960K, reserved 1120256K
  class space    used 10386K, capacity 11739K, committed 11816K, reserved 1048576K
Event: 64.566 GC heap after
Heap after GC invocations=18 (full 3):
 PSYoungGen      total 372736K, used 24938K [0x00000000e0000000, 0x0000000100000000, 0x0000000100000000)
  eden space 319488K, 0% used [0x00000000e0000000,0x00000000e0000000,0x00000000f3800000)
  from space 53248K, 46% used [0x00000000f3800000,0x00000000f505a960,0x00000000f6c00000)
  to   space 51200K, 0% used [0x00000000fce00000,0x00000000fce00000,0x0000000100000000)
 ParOldGen       total 203776K, used 118461K [0x00000000a0000000, 0x00000000ac700000, 0x00000000e0000000)
  object space 203776K, 58% used [0x00000000a0000000,0x00000000a73af438,0x00000000ac700000)
 Metaspace       used 76246K, capacity 81675K, committed 81960K, reserved 1120256K
  class space    used 10386K, capacity 11739K, committed 11816K, reserved 1048576K
}

